c:\users\tgh64\source\repos\sudocraft\sudocraft.dir\debug\vc142.pdb
c:\users\tgh64\source\repos\sudocraft\sudocraft.dir\debug\weapon.obj
c:\users\tgh64\source\repos\sudocraft\sudocraft.dir\debug\tool.obj
c:\users\tgh64\source\repos\sudocraft\sudocraft.dir\debug\item.obj
c:\users\tgh64\source\repos\sudocraft\sudocraft.dir\debug\inventory.obj
c:\users\tgh64\source\repos\sudocraft\sudocraft.dir\debug\craft.obj
c:\users\tgh64\source\repos\sudocraft\sudocraft.dir\debug\character.obj
c:\users\tgh64\source\repos\sudocraft\sudocraft.dir\debug\game.obj
c:\users\tgh64\source\repos\sudocraft\cmakefiles\generate.stamp
c:\users\tgh64\source\repos\sudocraft\debug\sudocraft.ilk
c:\users\tgh64\source\repos\sudocraft\debug\sudocraft.exe
c:\users\tgh64\source\repos\sudocraft\debug\sudocraft.pdb
c:\users\tgh64\source\repos\sudocraft\sudocraft.dir\debug\sudocraft.tlog\cl.command.1.tlog
c:\users\tgh64\source\repos\sudocraft\sudocraft.dir\debug\sudocraft.tlog\cl.read.1.tlog
c:\users\tgh64\source\repos\sudocraft\sudocraft.dir\debug\sudocraft.tlog\cl.write.1.tlog
c:\users\tgh64\source\repos\sudocraft\sudocraft.dir\debug\sudocraft.tlog\custombuild.command.1.tlog
c:\users\tgh64\source\repos\sudocraft\sudocraft.dir\debug\sudocraft.tlog\custombuild.read.1.tlog
c:\users\tgh64\source\repos\sudocraft\sudocraft.dir\debug\sudocraft.tlog\custombuild.write.1.tlog
c:\users\tgh64\source\repos\sudocraft\sudocraft.dir\debug\sudocraft.tlog\link.command.1.tlog
c:\users\tgh64\source\repos\sudocraft\sudocraft.dir\debug\sudocraft.tlog\link.read.1.tlog
c:\users\tgh64\source\repos\sudocraft\sudocraft.dir\debug\sudocraft.tlog\link.write.1.tlog
