  Game.cpp
  GameUI.cpp
  WorldGen.cpp
C:\Users\tgh64\source\repos\SudoCraft\include\../include/PerlinNoise.hpp(91,1): error C2429: language feature 'terse static assert' requires compiler flag '/std:c++17'
C:\Users\tgh64\source\repos\SudoCraft\include\../include/PerlinNoise.hpp(242): message : see reference to class template instantiation 'siv::BasicPerlinNoise<Float>' being compiled
C:\Users\tgh64\source\repos\SudoCraft\include\../include/PerlinNoise.hpp(117,3): error C2065: 'is_invocable': undeclared identifier
C:\Users\tgh64\source\repos\SudoCraft\include\../include/PerlinNoise.hpp(117,3): error C2059: syntax error: '>'
C:\Users\tgh64\source\repos\SudoCraft\include\../include/PerlinNoise.hpp(117,3): error C2065: 'invoke_result_t': undeclared identifier
C:\Users\tgh64\source\repos\SudoCraft\include\../include/PerlinNoise.hpp(117,3): error C2059: syntax error: '>'
C:\Users\tgh64\source\repos\SudoCraft\include\../include/PerlinNoise.hpp(117,3): error C2988: unrecognizable template declaration/definition
C:\Users\tgh64\source\repos\SudoCraft\include\../include/PerlinNoise.hpp(119,1): error C2238: unexpected token(s) preceding ';'
C:\Users\tgh64\source\repos\SudoCraft\include\../include/PerlinNoise.hpp(128,3): error C2065: 'is_invocable': undeclared identifier
C:\Users\tgh64\source\repos\SudoCraft\include\../include/PerlinNoise.hpp(128,3): error C2059: syntax error: '>'
C:\Users\tgh64\source\repos\SudoCraft\include\../include/PerlinNoise.hpp(128,3): error C2065: 'invoke_result_t': undeclared identifier
C:\Users\tgh64\source\repos\SudoCraft\include\../include/PerlinNoise.hpp(128,3): error C2059: syntax error: '>'
C:\Users\tgh64\source\repos\SudoCraft\include\../include/PerlinNoise.hpp(128,3): error C2988: unrecognizable template declaration/definition
C:\Users\tgh64\source\repos\SudoCraft\include\../include/PerlinNoise.hpp(129,1): error C2238: unexpected token(s) preceding ';'
C:\Users\tgh64\source\repos\SudoCraft\include\../include/PerlinNoise.hpp(253,3): error C2039: 'is_invocable': is not a member of 'std'
C:\Program Files (x86)\Microsoft Visual Studio\2019\Community\VC\Tools\MSVC\14.28.29910\include\random(29): message : see declaration of 'std'
C:\Users\tgh64\source\repos\SudoCraft\include\../include/PerlinNoise.hpp(253,3): error C2065: 'is_invocable': undeclared identifier
C:\Users\tgh64\source\repos\SudoCraft\include\../include/PerlinNoise.hpp(253,3): error C2059: syntax error: '>'
C:\Users\tgh64\source\repos\SudoCraft\include\../include/PerlinNoise.hpp(253,3): error C2039: 'invoke_result_t': is not a member of 'std'
C:\Program Files (x86)\Microsoft Visual Studio\2019\Community\VC\Tools\MSVC\14.28.29910\include\random(29): message : see declaration of 'std'
C:\Users\tgh64\source\repos\SudoCraft\include\../include/PerlinNoise.hpp(253,3): error C2065: 'invoke_result_t': undeclared identifier
C:\Users\tgh64\source\repos\SudoCraft\include\../include/PerlinNoise.hpp(253,3): error C2988: unrecognizable template declaration/definition
C:\Users\tgh64\source\repos\SudoCraft\include\../include/PerlinNoise.hpp(256,3): error C2143: syntax error: missing ';' before '{'
C:\Users\tgh64\source\repos\SudoCraft\include\../include/PerlinNoise.hpp(256,3): error C2447: '{': missing function header (old-style formal list?)
C:\Users\tgh64\source\repos\SudoCraft\include\../include/PerlinNoise.hpp(433,2): error C2039: 'is_invocable': is not a member of 'std'
C:\Program Files (x86)\Microsoft Visual Studio\2019\Community\VC\Tools\MSVC\14.28.29910\include\random(29): message : see declaration of 'std'
C:\Users\tgh64\source\repos\SudoCraft\include\../include/PerlinNoise.hpp(433,2): error C2065: 'is_invocable': undeclared identifier
C:\Users\tgh64\source\repos\SudoCraft\include\../include/PerlinNoise.hpp(433,2): error C2059: syntax error: '>'
C:\Users\tgh64\source\repos\SudoCraft\include\../include/PerlinNoise.hpp(433,2): error C2039: 'invoke_result_t': is not a member of 'std'
C:\Program Files (x86)\Microsoft Visual Studio\2019\Community\VC\Tools\MSVC\14.28.29910\include\random(29): message : see declaration of 'std'
C:\Users\tgh64\source\repos\SudoCraft\include\../include/PerlinNoise.hpp(433,2): error C2065: 'invoke_result_t': undeclared identifier
C:\Users\tgh64\source\repos\SudoCraft\include\../include/PerlinNoise.hpp(433,2): error C2988: unrecognizable template declaration/definition
C:\Users\tgh64\source\repos\SudoCraft\include\../include/PerlinNoise.hpp(435,2): error C2143: syntax error: missing ';' before '{'
C:\Users\tgh64\source\repos\SudoCraft\include\../include/PerlinNoise.hpp(435,2): error C2447: '{': missing function header (old-style formal list?)
C:\Users\tgh64\source\repos\SudoCraft\include\../include/PerlinNoise.hpp(443,2): error C2244: 'siv::BasicPerlinNoise<Float>::reseed': unable to match function definition to an existing declaration
C:\Users\tgh64\source\repos\SudoCraft\include\../include/PerlinNoise.hpp(442): message : see declaration of 'siv::BasicPerlinNoise<Float>::reseed'
C:\Users\tgh64\source\repos\SudoCraft\include\../include/PerlinNoise.hpp(443,2): message : definition
C:\Users\tgh64\source\repos\SudoCraft\include\../include/PerlinNoise.hpp(443,2): message : 'void siv::BasicPerlinNoise<Float>::reseed(const siv::BasicPerlinNoise<Float>::seed_type)'
C:\Users\tgh64\source\repos\SudoCraft\include\../include/PerlinNoise.hpp(443,2): message : existing declarations
C:\Users\tgh64\source\repos\SudoCraft\include\../include/PerlinNoise.hpp(443,2): message : 'void siv::BasicPerlinNoise<Float>::reseed(siv::BasicPerlinNoise<Float>::seed_type)'
C:\Users\tgh64\source\repos\SudoCraft\include\../include/PerlinNoise.hpp(448,2): error C2039: 'is_invocable': is not a member of 'std'
C:\Program Files (x86)\Microsoft Visual Studio\2019\Community\VC\Tools\MSVC\14.28.29910\include\random(29): message : see declaration of 'std'
C:\Users\tgh64\source\repos\SudoCraft\include\../include/PerlinNoise.hpp(448,2): error C2065: 'is_invocable': undeclared identifier
C:\Users\tgh64\source\repos\SudoCraft\include\../include/PerlinNoise.hpp(448,2): error C2059: syntax error: '>'
C:\Users\tgh64\source\repos\SudoCraft\include\../include/PerlinNoise.hpp(448,2): error C2039: 'invoke_result_t': is not a member of 'std'
C:\Program Files (x86)\Microsoft Visual Studio\2019\Community\VC\Tools\MSVC\14.28.29910\include\random(29): message : see declaration of 'std'
C:\Users\tgh64\source\repos\SudoCraft\include\../include/PerlinNoise.hpp(448,2): error C2065: 'invoke_result_t': undeclared identifier
C:\Users\tgh64\source\repos\SudoCraft\include\../include/PerlinNoise.hpp(448,2): error C2988: unrecognizable template declaration/definition
C:\Users\tgh64\source\repos\SudoCraft\include\../include/PerlinNoise.hpp(450,2): error C2143: syntax error: missing ';' before '{'
C:\Users\tgh64\source\repos\SudoCraft\include\../include/PerlinNoise.hpp(450,2): error C2447: '{': missing function header (old-style formal list?)
C:\Users\tgh64\source\repos\SudoCraft\include\../include/PerlinNoise.hpp(460,2): error C2244: 'siv::BasicPerlinNoise<Float>::serialize': unable to match function definition to an existing declaration
C:\Users\tgh64\source\repos\SudoCraft\include\../include/PerlinNoise.hpp(459): message : see declaration of 'siv::BasicPerlinNoise<Float>::serialize'
C:\Users\tgh64\source\repos\SudoCraft\include\../include/PerlinNoise.hpp(460,2): message : definition
C:\Users\tgh64\source\repos\SudoCraft\include\../include/PerlinNoise.hpp(460,2): message : 'const BasicPerlinNoise<Float>::state_type &siv::BasicPerlinNoise<Float>::serialize(void) noexcept const'
C:\Users\tgh64\source\repos\SudoCraft\include\../include/PerlinNoise.hpp(460,2): message : existing declarations
C:\Users\tgh64\source\repos\SudoCraft\include\../include/PerlinNoise.hpp(460,2): message : 'const siv::BasicPerlinNoise<Float>::state_type &siv::BasicPerlinNoise<Float>::serialize(void) noexcept const'
C:\Users\tgh64\source\repos\SudoCraft\include\../include/PerlinNoise.hpp(466,2): error C2244: 'siv::BasicPerlinNoise<Float>::deserialize': unable to match function definition to an existing declaration
C:\Users\tgh64\source\repos\SudoCraft\include\../include/PerlinNoise.hpp(465): message : see declaration of 'siv::BasicPerlinNoise<Float>::deserialize'
C:\Users\tgh64\source\repos\SudoCraft\include\../include/PerlinNoise.hpp(466,2): message : definition
C:\Users\tgh64\source\repos\SudoCraft\include\../include/PerlinNoise.hpp(466,2): message : 'void siv::BasicPerlinNoise<Float>::deserialize(const siv::BasicPerlinNoise<Float>::state_type &) noexcept'
C:\Users\tgh64\source\repos\SudoCraft\include\../include/PerlinNoise.hpp(466,2): message : existing declarations
C:\Users\tgh64\source\repos\SudoCraft\include\../include/PerlinNoise.hpp(466,2): message : 'void siv::BasicPerlinNoise<Float>::deserialize(const siv::BasicPerlinNoise<Float>::state_type &) noexcept'
C:\Users\tgh64\source\repos\SudoCraft\include\../include/PerlinNoise.hpp(474,2): error C2244: 'siv::BasicPerlinNoise<Float>::noise1D': unable to match function definition to an existing declaration
C:\Users\tgh64\source\repos\SudoCraft\include\../include/PerlinNoise.hpp(473): message : see declaration of 'siv::BasicPerlinNoise<Float>::noise1D'
C:\Users\tgh64\source\repos\SudoCraft\include\../include/PerlinNoise.hpp(474,2): message : definition
C:\Users\tgh64\source\repos\SudoCraft\include\../include/PerlinNoise.hpp(474,2): message : 'BasicPerlinNoise<Float>::value_type siv::BasicPerlinNoise<Float>::noise1D(const Float) noexcept const'
C:\Users\tgh64\source\repos\SudoCraft\include\../include/PerlinNoise.hpp(474,2): message : existing declarations
C:\Users\tgh64\source\repos\SudoCraft\include\../include/PerlinNoise.hpp(474,2): message : 'Float siv::BasicPerlinNoise<Float>::noise1D(Float) noexcept const'
C:\Users\tgh64\source\repos\SudoCraft\include\../include/PerlinNoise.hpp(482,2): error C2244: 'siv::BasicPerlinNoise<Float>::noise2D': unable to match function definition to an existing declaration
C:\Users\tgh64\source\repos\SudoCraft\include\../include/PerlinNoise.hpp(481): message : see declaration of 'siv::BasicPerlinNoise<Float>::noise2D'
C:\Users\tgh64\source\repos\SudoCraft\include\../include/PerlinNoise.hpp(482,2): message : definition
C:\Users\tgh64\source\repos\SudoCraft\include\../include/PerlinNoise.hpp(482,2): message : 'BasicPerlinNoise<Float>::value_type siv::BasicPerlinNoise<Float>::noise2D(const Float,const Float) noexcept const'
C:\Users\tgh64\source\repos\SudoCraft\include\../include/PerlinNoise.hpp(482,2): message : existing declarations
C:\Users\tgh64\source\repos\SudoCraft\include\../include/PerlinNoise.hpp(482,2): message : 'Float siv::BasicPerlinNoise<Float>::noise2D(Float,Float) noexcept const'
C:\Users\tgh64\source\repos\SudoCraft\include\../include/PerlinNoise.hpp(490,2): error C2244: 'siv::BasicPerlinNoise<Float>::noise3D': unable to match function definition to an existing declaration
C:\Users\tgh64\source\repos\SudoCraft\include\../include/PerlinNoise.hpp(489): message : see declaration of 'siv::BasicPerlinNoise<Float>::noise3D'
C:\Users\tgh64\source\repos\SudoCraft\include\../include/PerlinNoise.hpp(490,2): message : definition
C:\Users\tgh64\source\repos\SudoCraft\include\../include/PerlinNoise.hpp(490,2): message : 'BasicPerlinNoise<Float>::value_type siv::BasicPerlinNoise<Float>::noise3D(const Float,const Float,const Float) noexcept const'
C:\Users\tgh64\source\repos\SudoCraft\include\../include/PerlinNoise.hpp(490,2): message : existing declarations
C:\Users\tgh64\source\repos\SudoCraft\include\../include/PerlinNoise.hpp(490,2): message : 'Float siv::BasicPerlinNoise<Float>::noise3D(Float,Float,Float) noexcept const'
C:\Users\tgh64\source\repos\SudoCraft\include\../include/PerlinNoise.hpp(540,2): error C2244: 'siv::BasicPerlinNoise<Float>::noise1D_01': unable to match function definition to an existing declaration
C:\Users\tgh64\source\repos\SudoCraft\include\../include/PerlinNoise.hpp(539): message : see declaration of 'siv::BasicPerlinNoise<Float>::noise1D_01'
C:\Users\tgh64\source\repos\SudoCraft\include\../include/PerlinNoise.hpp(540,2): message : definition
C:\Users\tgh64\source\repos\SudoCraft\include\../include/PerlinNoise.hpp(540,2): message : 'BasicPerlinNoise<Float>::value_type siv::BasicPerlinNoise<Float>::noise1D_01(const Float) noexcept const'
C:\Users\tgh64\source\repos\SudoCraft\include\../include/PerlinNoise.hpp(540,2): message : existing declarations
C:\Users\tgh64\source\repos\SudoCraft\include\../include/PerlinNoise.hpp(540,2): message : 'Float siv::BasicPerlinNoise<Float>::noise1D_01(Float) noexcept const'
C:\Users\tgh64\source\repos\SudoCraft\include\../include/PerlinNoise.hpp(546,2): error C2244: 'siv::BasicPerlinNoise<Float>::noise2D_01': unable to match function definition to an existing declaration
C:\Users\tgh64\source\repos\SudoCraft\include\../include/PerlinNoise.hpp(545): message : see declaration of 'siv::BasicPerlinNoise<Float>::noise2D_01'
C:\Users\tgh64\source\repos\SudoCraft\include\../include/PerlinNoise.hpp(546,2): message : definition
C:\Users\tgh64\source\repos\SudoCraft\include\../include/PerlinNoise.hpp(546,2): message : 'BasicPerlinNoise<Float>::value_type siv::BasicPerlinNoise<Float>::noise2D_01(const Float,const Float) noexcept const'
C:\Users\tgh64\source\repos\SudoCraft\include\../include/PerlinNoise.hpp(546,2): message : existing declarations
C:\Users\tgh64\source\repos\SudoCraft\include\../include/PerlinNoise.hpp(546,2): message : 'Float siv::BasicPerlinNoise<Float>::noise2D_01(Float,Float) noexcept const'
C:\Users\tgh64\source\repos\SudoCraft\include\../include/PerlinNoise.hpp(552,2): error C2244: 'siv::BasicPerlinNoise<Float>::noise3D_01': unable to match function definition to an existing declaration
C:\Users\tgh64\source\repos\SudoCraft\include\../include/PerlinNoise.hpp(551): message : see declaration of 'siv::BasicPerlinNoise<Float>::noise3D_01'
C:\Users\tgh64\source\repos\SudoCraft\include\../include/PerlinNoise.hpp(552,2): message : definition
C:\Users\tgh64\source\repos\SudoCraft\include\../include/PerlinNoise.hpp(552,2): message : 'BasicPerlinNoise<Float>::value_type siv::BasicPerlinNoise<Float>::noise3D_01(const Float,const Float,const Float) noexcept const'
C:\Users\tgh64\source\repos\SudoCraft\include\../include/PerlinNoise.hpp(552,2): message : existing declarations
C:\Users\tgh64\source\repos\SudoCraft\include\../include/PerlinNoise.hpp(552,2): message : 'Float siv::BasicPerlinNoise<Float>::noise3D_01(Float,Float,Float) noexcept const'
C:\Users\tgh64\source\repos\SudoCraft\include\../include/PerlinNoise.hpp(560,2): error C2244: 'siv::BasicPerlinNoise<Float>::octave1D': unable to match function definition to an existing declaration
C:\Users\tgh64\source\repos\SudoCraft\include\../include/PerlinNoise.hpp(559): message : see declaration of 'siv::BasicPerlinNoise<Float>::octave1D'
C:\Users\tgh64\source\repos\SudoCraft\include\../include/PerlinNoise.hpp(560,2): message : definition
C:\Users\tgh64\source\repos\SudoCraft\include\../include/PerlinNoise.hpp(560,2): message : 'BasicPerlinNoise<Float>::value_type siv::BasicPerlinNoise<Float>::octave1D(const Float,const int32_t,const Float) noexcept const'
C:\Users\tgh64\source\repos\SudoCraft\include\../include/PerlinNoise.hpp(560,2): message : existing declarations
C:\Users\tgh64\source\repos\SudoCraft\include\../include/PerlinNoise.hpp(560,2): message : 'Float siv::BasicPerlinNoise<Float>::octave1D(Float,int32_t,Float) noexcept const'
C:\Users\tgh64\source\repos\SudoCraft\include\../include/PerlinNoise.hpp(566,2): error C2244: 'siv::BasicPerlinNoise<Float>::octave2D': unable to match function definition to an existing declaration
C:\Users\tgh64\source\repos\SudoCraft\include\../include/PerlinNoise.hpp(565): message : see declaration of 'siv::BasicPerlinNoise<Float>::octave2D'
C:\Users\tgh64\source\repos\SudoCraft\include\../include/PerlinNoise.hpp(566,2): message : definition
C:\Users\tgh64\source\repos\SudoCraft\include\../include/PerlinNoise.hpp(566,2): message : 'BasicPerlinNoise<Float>::value_type siv::BasicPerlinNoise<Float>::octave2D(const Float,const Float,const int32_t,const Float) noexcept const'
C:\Users\tgh64\source\repos\SudoCraft\include\../include/PerlinNoise.hpp(566,2): message : existing declarations
C:\Users\tgh64\source\repos\SudoCraft\include\../include/PerlinNoise.hpp(566,2): message : 'Float siv::BasicPerlinNoise<Float>::octave2D(Float,Float,int32_t,Float) noexcept const'
C:\Users\tgh64\source\repos\SudoCraft\include\../include/PerlinNoise.hpp(572,2): error C2244: 'siv::BasicPerlinNoise<Float>::octave3D': unable to match function definition to an existing declaration
C:\Users\tgh64\source\repos\SudoCraft\include\../include/PerlinNoise.hpp(571): message : see declaration of 'siv::BasicPerlinNoise<Float>::octave3D'
C:\Users\tgh64\source\repos\SudoCraft\include\../include/PerlinNoise.hpp(572,2): message : definition
C:\Users\tgh64\source\repos\SudoCraft\include\../include/PerlinNoise.hpp(572,2): message : 'BasicPerlinNoise<Float>::value_type siv::BasicPerlinNoise<Float>::octave3D(const Float,const Float,const Float,const int32_t,const Float) noexcept const'
C:\Users\tgh64\source\repos\SudoCraft\include\../include/PerlinNoise.hpp(572,2): message : existing declarations
C:\Users\tgh64\source\repos\SudoCraft\include\../include/PerlinNoise.hpp(572,2): message : 'Float siv::BasicPerlinNoise<Float>::octave3D(Float,Float,Float,int32_t,Float) noexcept const'
C:\Users\tgh64\source\repos\SudoCraft\include\../include/PerlinNoise.hpp(580,2): error C2244: 'siv::BasicPerlinNoise<Float>::octave1D_11': unable to match function definition to an existing declaration
C:\Users\tgh64\source\repos\SudoCraft\include\../include/PerlinNoise.hpp(579): message : see declaration of 'siv::BasicPerlinNoise<Float>::octave1D_11'
C:\Users\tgh64\source\repos\SudoCraft\include\../include/PerlinNoise.hpp(580,2): message : definition
C:\Users\tgh64\source\repos\SudoCraft\include\../include/PerlinNoise.hpp(580,2): message : 'BasicPerlinNoise<Float>::value_type siv::BasicPerlinNoise<Float>::octave1D_11(const Float,const int32_t,const Float) noexcept const'
C:\Users\tgh64\source\repos\SudoCraft\include\../include/PerlinNoise.hpp(580,2): message : existing declarations
C:\Users\tgh64\source\repos\SudoCraft\include\../include/PerlinNoise.hpp(580,2): message : 'Float siv::BasicPerlinNoise<Float>::octave1D_11(Float,int32_t,Float) noexcept const'
C:\Users\tgh64\source\repos\SudoCraft\include\../include/PerlinNoise.hpp(586,2): error C2244: 'siv::BasicPerlinNoise<Float>::octave2D_11': unable to match function definition to an existing declaration
C:\Users\tgh64\source\repos\SudoCraft\include\../include/PerlinNoise.hpp(585): message : see declaration of 'siv::BasicPerlinNoise<Float>::octave2D_11'
C:\Users\tgh64\source\repos\SudoCraft\include\../include/PerlinNoise.hpp(586,2): message : definition
C:\Users\tgh64\source\repos\SudoCraft\include\../include/PerlinNoise.hpp(586,2): message : 'BasicPerlinNoise<Float>::value_type siv::BasicPerlinNoise<Float>::octave2D_11(const Float,const Float,const int32_t,const Float) noexcept const'
C:\Users\tgh64\source\repos\SudoCraft\include\../include/PerlinNoise.hpp(586,2): message : existing declarations
C:\Users\tgh64\source\repos\SudoCraft\include\../include/PerlinNoise.hpp(586,2): message : 'Float siv::BasicPerlinNoise<Float>::octave2D_11(Float,Float,int32_t,Float) noexcept const'
C:\Users\tgh64\source\repos\SudoCraft\include\../include/PerlinNoise.hpp(592,2): error C2244: 'siv::BasicPerlinNoise<Float>::octave3D_11': unable to match function definition to an existing declaration
C:\Users\tgh64\source\repos\SudoCraft\include\../include/PerlinNoise.hpp(591): message : see declaration of 'siv::BasicPerlinNoise<Float>::octave3D_11'
C:\Users\tgh64\source\repos\SudoCraft\include\../include/PerlinNoise.hpp(592,2): message : definition
C:\Users\tgh64\source\repos\SudoCraft\include\../include/PerlinNoise.hpp(592,2): message : 'BasicPerlinNoise<Float>::value_type siv::BasicPerlinNoise<Float>::octave3D_11(const Float,const Float,const Float,const int32_t,const Float) noexcept const'
C:\Users\tgh64\source\repos\SudoCraft\include\../include/PerlinNoise.hpp(592,2): message : existing declarations
C:\Users\tgh64\source\repos\SudoCraft\include\../include/PerlinNoise.hpp(592,2): message : 'Float siv::BasicPerlinNoise<Float>::octave3D_11(Float,Float,Float,int32_t,Float) noexcept const'
C:\Users\tgh64\source\repos\SudoCraft\include\../include/PerlinNoise.hpp(600,2): error C2244: 'siv::BasicPerlinNoise<Float>::octave1D_01': unable to match function definition to an existing declaration
C:\Users\tgh64\source\repos\SudoCraft\include\../include/PerlinNoise.hpp(599): message : see declaration of 'siv::BasicPerlinNoise<Float>::octave1D_01'
C:\Users\tgh64\source\repos\SudoCraft\include\../include/PerlinNoise.hpp(600,2): message : definition
C:\Users\tgh64\source\repos\SudoCraft\include\../include/PerlinNoise.hpp(600,2): message : 'BasicPerlinNoise<Float>::value_type siv::BasicPerlinNoise<Float>::octave1D_01(const Float,const int32_t,const Float) noexcept const'
C:\Users\tgh64\source\repos\SudoCraft\include\../include/PerlinNoise.hpp(600,2): message : existing declarations
C:\Users\tgh64\source\repos\SudoCraft\include\../include/PerlinNoise.hpp(600,2): message : 'Float siv::BasicPerlinNoise<Float>::octave1D_01(Float,int32_t,Float) noexcept const'
C:\Users\tgh64\source\repos\SudoCraft\include\../include/PerlinNoise.hpp(606,2): error C2244: 'siv::BasicPerlinNoise<Float>::octave2D_01': unable to match function definition to an existing declaration
C:\Users\tgh64\source\repos\SudoCraft\include\../include/PerlinNoise.hpp(605): message : see declaration of 'siv::BasicPerlinNoise<Float>::octave2D_01'
C:\Users\tgh64\source\repos\SudoCraft\include\../include/PerlinNoise.hpp(606,2): message : definition
C:\Users\tgh64\source\repos\SudoCraft\include\../include/PerlinNoise.hpp(606,2): message : 'BasicPerlinNoise<Float>::value_type siv::BasicPerlinNoise<Float>::octave2D_01(const Float,const Float,const int32_t,const Float) noexcept const'
C:\Users\tgh64\source\repos\SudoCraft\include\../include/PerlinNoise.hpp(606,2): message : existing declarations
C:\Users\tgh64\source\repos\SudoCraft\include\../include/PerlinNoise.hpp(606,2): message : 'Float siv::BasicPerlinNoise<Float>::octave2D_01(Float,Float,int32_t,Float) noexcept const'
C:\Users\tgh64\source\repos\SudoCraft\include\../include/PerlinNoise.hpp(612,2): error C2244: 'siv::BasicPerlinNoise<Float>::octave3D_01': unable to match function definition to an existing declaration
C:\Users\tgh64\source\repos\SudoCraft\include\../include/PerlinNoise.hpp(611): message : see declaration of 'siv::BasicPerlinNoise<Float>::octave3D_01'
C:\Users\tgh64\source\repos\SudoCraft\include\../include/PerlinNoise.hpp(612,2): message : definition
C:\Users\tgh64\source\repos\SudoCraft\include\../include/PerlinNoise.hpp(612,2): message : 'BasicPerlinNoise<Float>::value_type siv::BasicPerlinNoise<Float>::octave3D_01(const Float,const Float,const Float,const int32_t,const Float) noexcept const'
C:\Users\tgh64\source\repos\SudoCraft\include\../include/PerlinNoise.hpp(612,2): message : existing declarations
C:\Users\tgh64\source\repos\SudoCraft\include\../include/PerlinNoise.hpp(612,2): message : 'Float siv::BasicPerlinNoise<Float>::octave3D_01(Float,Float,Float,int32_t,Float) noexcept const'
C:\Users\tgh64\source\repos\SudoCraft\include\../include/PerlinNoise.hpp(620,2): error C2244: 'siv::BasicPerlinNoise<Float>::normalizedOctave1D': unable to match function definition to an existing declaration
C:\Users\tgh64\source\repos\SudoCraft\include\../include/PerlinNoise.hpp(619): message : see declaration of 'siv::BasicPerlinNoise<Float>::normalizedOctave1D'
C:\Users\tgh64\source\repos\SudoCraft\include\../include/PerlinNoise.hpp(620,2): message : definition
C:\Users\tgh64\source\repos\SudoCraft\include\../include/PerlinNoise.hpp(620,2): message : 'BasicPerlinNoise<Float>::value_type siv::BasicPerlinNoise<Float>::normalizedOctave1D(const Float,const int32_t,const Float) noexcept const'
C:\Users\tgh64\source\repos\SudoCraft\include\../include/PerlinNoise.hpp(620,2): message : existing declarations
C:\Users\tgh64\source\repos\SudoCraft\include\../include/PerlinNoise.hpp(620,2): message : 'Float siv::BasicPerlinNoise<Float>::normalizedOctave1D(Float,int32_t,Float) noexcept const'
C:\Users\tgh64\source\repos\SudoCraft\include\../include/PerlinNoise.hpp(626,2): error C2244: 'siv::BasicPerlinNoise<Float>::normalizedOctave2D': unable to match function definition to an existing declaration
C:\Users\tgh64\source\repos\SudoCraft\include\../include/PerlinNoise.hpp(625): message : see declaration of 'siv::BasicPerlinNoise<Float>::normalizedOctave2D'
C:\Users\tgh64\source\repos\SudoCraft\include\../include/PerlinNoise.hpp(626,2): message : definition
C:\Users\tgh64\source\repos\SudoCraft\include\../include/PerlinNoise.hpp(626,2): message : 'BasicPerlinNoise<Float>::value_type siv::BasicPerlinNoise<Float>::normalizedOctave2D(const Float,const Float,const int32_t,const Float) noexcept const'
C:\Users\tgh64\source\repos\SudoCraft\include\../include/PerlinNoise.hpp(626,2): message : existing declarations
C:\Users\tgh64\source\repos\SudoCraft\include\../include/PerlinNoise.hpp(626,2): message : 'Float siv::BasicPerlinNoise<Float>::normalizedOctave2D(Float,Float,int32_t,Float) noexcept const'
C:\Users\tgh64\source\repos\SudoCraft\include\../include/PerlinNoise.hpp(632,2): error C2244: 'siv::BasicPerlinNoise<Float>::normalizedOctave3D': unable to match function definition to an existing declaration
C:\Users\tgh64\source\repos\SudoCraft\include\../include/PerlinNoise.hpp(631): message : see declaration of 'siv::BasicPerlinNoise<Float>::normalizedOctave3D'
C:\Users\tgh64\source\repos\SudoCraft\include\../include/PerlinNoise.hpp(632,2): message : definition
C:\Users\tgh64\source\repos\SudoCraft\include\../include/PerlinNoise.hpp(632,2): message : 'BasicPerlinNoise<Float>::value_type siv::BasicPerlinNoise<Float>::normalizedOctave3D(const Float,const Float,const Float,const int32_t,const Float) noexcept const'
C:\Users\tgh64\source\repos\SudoCraft\include\../include/PerlinNoise.hpp(632,2): message : existing declarations
C:\Users\tgh64\source\repos\SudoCraft\include\../include/PerlinNoise.hpp(632,2): message : 'Float siv::BasicPerlinNoise<Float>::normalizedOctave3D(Float,Float,Float,int32_t,Float) noexcept const'
C:\Users\tgh64\source\repos\SudoCraft\include\../include/PerlinNoise.hpp(640,2): error C2244: 'siv::BasicPerlinNoise<Float>::normalizedOctave1D_01': unable to match function definition to an existing declaration
C:\Users\tgh64\source\repos\SudoCraft\include\../include/PerlinNoise.hpp(639): message : see declaration of 'siv::BasicPerlinNoise<Float>::normalizedOctave1D_01'
C:\Users\tgh64\source\repos\SudoCraft\include\../include/PerlinNoise.hpp(640,2): message : definition
C:\Users\tgh64\source\repos\SudoCraft\include\../include/PerlinNoise.hpp(640,2): message : 'BasicPerlinNoise<Float>::value_type siv::BasicPerlinNoise<Float>::normalizedOctave1D_01(const Float,const int32_t,const Float) noexcept const'
C:\Users\tgh64\source\repos\SudoCraft\include\../include/PerlinNoise.hpp(640,2): message : existing declarations
C:\Users\tgh64\source\repos\SudoCraft\include\../include/PerlinNoise.hpp(640,2): message : 'Float siv::BasicPerlinNoise<Float>::normalizedOctave1D_01(Float,int32_t,Float) noexcept const'
C:\Users\tgh64\source\repos\SudoCraft\include\../include/PerlinNoise.hpp(646,2): error C2244: 'siv::BasicPerlinNoise<Float>::normalizedOctave2D_01': unable to match function definition to an existing declaration
C:\Users\tgh64\source\repos\SudoCraft\include\../include/PerlinNoise.hpp(645): message : see declaration of 'siv::BasicPerlinNoise<Float>::normalizedOctave2D_01'
C:\Users\tgh64\source\repos\SudoCraft\include\../include/PerlinNoise.hpp(646,2): message : definition
C:\Users\tgh64\source\repos\SudoCraft\include\../include/PerlinNoise.hpp(646,2): message : 'BasicPerlinNoise<Float>::value_type siv::BasicPerlinNoise<Float>::normalizedOctave2D_01(const Float,const Float,const int32_t,const Float) noexcept const'
C:\Users\tgh64\source\repos\SudoCraft\include\../include/PerlinNoise.hpp(646,2): message : existing declarations
C:\Users\tgh64\source\repos\SudoCraft\include\../include/PerlinNoise.hpp(646,2): message : 'Float siv::BasicPerlinNoise<Float>::normalizedOctave2D_01(Float,Float,int32_t,Float) noexcept const'
C:\Users\tgh64\source\repos\SudoCraft\include\../include/PerlinNoise.hpp(652,2): error C2244: 'siv::BasicPerlinNoise<Float>::normalizedOctave3D_01': unable to match function definition to an existing declaration
C:\Users\tgh64\source\repos\SudoCraft\include\../include/PerlinNoise.hpp(651): message : see declaration of 'siv::BasicPerlinNoise<Float>::normalizedOctave3D_01'
C:\Users\tgh64\source\repos\SudoCraft\include\../include/PerlinNoise.hpp(652,2): message : definition
C:\Users\tgh64\source\repos\SudoCraft\include\../include/PerlinNoise.hpp(652,2): message : 'BasicPerlinNoise<Float>::value_type siv::BasicPerlinNoise<Float>::normalizedOctave3D_01(const Float,const Float,const Float,const int32_t,const Float) noexcept const'
C:\Users\tgh64\source\repos\SudoCraft\include\../include/PerlinNoise.hpp(652,2): message : existing declarations
C:\Users\tgh64\source\repos\SudoCraft\include\../include/PerlinNoise.hpp(652,2): message : 'Float siv::BasicPerlinNoise<Float>::normalizedOctave3D_01(Float,Float,Float,int32_t,Float) noexcept const'
C:\Users\tgh64\source\repos\SudoCraft\include\../include/PerlinNoise.hpp(117,3): error C2039: 'is_invocable': is not a member of 'std'
C:\Program Files (x86)\Microsoft Visual Studio\2019\Community\VC\Tools\MSVC\14.28.29910\include\random(29): message : see declaration of 'std'
C:\Users\tgh64\source\repos\SudoCraft\include\../include/PerlinNoise.hpp(117,3): error C2039: 'invoke_result_t': is not a member of 'std'
C:\Program Files (x86)\Microsoft Visual Studio\2019\Community\VC\Tools\MSVC\14.28.29910\include\random(29): message : see declaration of 'std'
C:\Users\tgh64\source\repos\SudoCraft\include\../include/PerlinNoise.hpp(128,3): error C2039: 'is_invocable': is not a member of 'std'
C:\Program Files (x86)\Microsoft Visual Studio\2019\Community\VC\Tools\MSVC\14.28.29910\include\random(29): message : see declaration of 'std'
C:\Users\tgh64\source\repos\SudoCraft\include\../include/PerlinNoise.hpp(128,3): error C2039: 'invoke_result_t': is not a member of 'std'
C:\Program Files (x86)\Microsoft Visual Studio\2019\Community\VC\Tools\MSVC\14.28.29910\include\random(29): message : see declaration of 'std'
src\WorldGen.cpp(19,9): error C2672: 'siv::BasicPerlinNoise<double>::noise2D_01': no matching overloaded function found
src\WorldGen.cpp(20,1): error C2143: syntax error: missing ';' before '}'
  Generating Code...
